Starting Option Chain Dashboard on port 8010...
 * Serving Flask app 'option_dashboard'
 * Debug mode: off
[31m[1mWARNING: This is a development server. Do not use it in a production deployment. Use a production WSGI server instead.[0m
 * Running on all addresses (0.0.0.0)
 * Running on http://127.0.0.1:8010
 * Running on http://10.0.1.216:8010
[33mPress CTRL+C to quit[0m
1.38.112.5 - - [22/Feb/2026 21:34:12] "GET / HTTP/1.1" 200 -
Running in HISTORICAL MODE. Date: 2026-02-18, Time: 09:15
Starting execution with HistoricalStrategy
Fetching Nifty 50 Spot data (5min) for 2026-02-18 to find price at 09:15...
Fetching Nifty 50 Spot data (Daily) with lookback 9 days...
Nifty 50 Spot Close on 2026-02-18: 25819.35
Fetching Nifty 50 Option Chain for Spot: 25819.35
Target Expiry: 2026-02-24
Selected 10 instruments
Fetching Spot Data for IV...
Processing NIFTY 25800 CE 24 FEB 26...
  -> 73 candles processed.
Processing NIFTY 25850 CE 24 FEB 26...
  -> 73 candles processed.
Processing NIFTY 25750 CE 24 FEB 26...
  -> 73 candles processed.
Processing NIFTY 25900 CE 24 FEB 26...
  -> 73 candles processed.
Processing NIFTY 25700 CE 24 FEB 26...
  -> 73 candles processed.
Processing NIFTY 25800 PE 24 FEB 26...
  -> 73 candles processed.
Processing NIFTY 25850 PE 24 FEB 26...
  -> 73 candles processed.
Processing NIFTY 25750 PE 24 FEB 26...
  -> 73 candles processed.
Processing NIFTY 25900 PE 24 FEB 26...
  -> 73 candles processed.
Processing NIFTY 25700 PE 24 FEB 26...
  -> 73 candles processed.
Tabular data stored in option_data_tabular_2026-02-18_0915.csv
Metadata stored in option_meta_2026-02-18_0915.json
1.38.112.5 - - [22/Feb/2026 21:34:36] "GET /api/option-data?date=2026-02-18&time=09:15 HTTP/1.1" 200 -
1.38.112.5 - - [22/Feb/2026 21:35:07] "GET / HTTP/1.1" 200 -
1.38.112.5 - - [22/Feb/2026 21:35:26] "POST /api/refresh-token HTTP/1.1" 200 -
Running in HISTORICAL MODE. Date: 2026-02-21, Time: 09:15
Starting execution with HistoricalStrategy
Fetching Nifty 50 Spot data (5min) for 2026-02-21 to find price at 09:15...
Fetching Nifty 50 Spot data (Daily) with lookback 6 days...
Using Latest Spot Close: 25571.25
Fetching Nifty 50 Option Chain for Spot: 25571.25
Target Expiry: 2026-02-24
Selected 10 instruments
Fetching Spot Data for IV...
Warning: IV spot data missing. IV will be 0.
Processing NIFTY 25550 CE 24 FEB 26...
  -> No data found.
Processing NIFTY 25600 CE 24 FEB 26...
  -> No data found.
Processing NIFTY 25500 CE 24 FEB 26...
  -> No data found.
Processing NIFTY 25650 CE 24 FEB 26...
  -> No data found.
Processing NIFTY 25450 CE 24 FEB 26...
  -> No data found.
Processing NIFTY 25550 PE 24 FEB 26...
  -> No data found.
Processing NIFTY 25600 PE 24 FEB 26...
  -> No data found.
Processing NIFTY 25500 PE 24 FEB 26...
  -> No data found.
Processing NIFTY 25650 PE 24 FEB 26...
  -> No data found.
Processing NIFTY 25450 PE 24 FEB 26...
  -> No data found.
No data available to save.
Metadata stored in option_meta_2026-02-21_0915.json
1.38.112.5 - - [22/Feb/2026 21:35:31] "GET /api/option-data?date=2026-02-21&time=09:15 HTTP/1.1" 200 -
Running in HISTORICAL MODE. Date: 2026-02-04, Time: 09:15
Starting execution with HistoricalStrategy
Fetching Nifty 50 Spot data (5min) for 2026-02-04 to find price at 09:15...
Fetching Nifty 50 Spot data (Daily) with lookback 23 days...
Nifty 50 Spot Close on 2026-02-04: 25776.0
Fetching Nifty 50 Option Chain for Spot: 25776.0
Warning: Nearest available expiry (2026-02-24) is 20 days away.
Checking expired instruments...
Fetching Expired Nifty 50 Option Chain for Spot: 25776.0
Fetching expired expiries...
Target Expired Expiry: 2026-02-10
Fetching contracts for expiry 2026-02-10...
HistoricalStrategy: Switched to Expired Mode.
Selected 10 instruments
Fetching Spot Data for IV...
Processing NIFTY 25800 CE 10 FEB 26...
  -> 73 candles processed.
Processing NIFTY 25750 CE 10 FEB 26...
  -> 73 candles processed.
Processing NIFTY 25850 CE 10 FEB 26...
  -> 73 candles processed.
Processing NIFTY 25700 CE 10 FEB 26...
  -> 73 candles processed.
Processing NIFTY 25900 CE 10 FEB 26...
  -> 73 candles processed.
Processing NIFTY 25800 PE 10 FEB 26...
  -> 73 candles processed.
Processing NIFTY 25750 PE 10 FEB 26...
  -> 73 candles processed.
Processing NIFTY 25850 PE 10 FEB 26...
  -> 73 candles processed.
Processing NIFTY 25700 PE 10 FEB 26...
  -> 73 candles processed.
Processing NIFTY 25900 PE 10 FEB 26...
  -> 73 candles processed.
Tabular data stored in option_data_tabular_2026-02-04_0915.csv
Metadata stored in option_meta_2026-02-04_0915.json
1.38.112.5 - - [22/Feb/2026 21:35:47] "GET /api/option-data?date=2026-02-04&time=09:15 HTTP/1.1" 200 -
